2025-11-07 17:03:49,928 INFO o.a.j.u.JMeterUtils: Setting Locale to en_EN
2025-11-07 17:03:49,940 INFO o.a.j.JMeter: Loading user properties from: /opt/homebrew/Cellar/jmeter/5.6.3/libexec/bin/user.properties
2025-11-07 17:03:49,940 INFO o.a.j.JMeter: Loading system properties from: /opt/homebrew/Cellar/jmeter/5.6.3/libexec/bin/system.properties
2025-11-07 17:03:49,943 INFO o.a.j.JMeter: Copyright (c) 1998-2024 The Apache Software Foundation
2025-11-07 17:03:49,943 INFO o.a.j.JMeter: Version 5.6.3
2025-11-07 17:03:49,943 INFO o.a.j.JMeter: java.version=21.0.9
2025-11-07 17:03:49,944 INFO o.a.j.JMeter: java.vm.name=OpenJDK 64-Bit Server VM
2025-11-07 17:03:49,944 INFO o.a.j.JMeter: os.name=Mac OS X
2025-11-07 17:03:49,944 INFO o.a.j.JMeter: os.arch=aarch64
2025-11-07 17:03:49,944 INFO o.a.j.JMeter: os.version=26.0.1
2025-11-07 17:03:49,944 INFO o.a.j.JMeter: file.encoding=UTF-8
2025-11-07 17:03:49,944 INFO o.a.j.JMeter: java.awt.headless=true
2025-11-07 17:03:49,944 INFO o.a.j.JMeter: Max memory     =1073741824
2025-11-07 17:03:49,944 INFO o.a.j.JMeter: Available Processors =8
2025-11-07 17:03:49,951 INFO o.a.j.JMeter: Default Locale=English (EN)
2025-11-07 17:03:49,951 INFO o.a.j.JMeter: JMeter  Locale=English (EN)
2025-11-07 17:03:49,951 INFO o.a.j.JMeter: JMeterHome=/opt/homebrew/Cellar/jmeter/5.6.3/libexec
2025-11-07 17:03:49,951 INFO o.a.j.JMeter: user.dir  =/Users/nishenghan/cs4218-2510-ecom-project-team002
2025-11-07 17:03:49,951 INFO o.a.j.JMeter: PWD       =/Users/nishenghan/cs4218-2510-ecom-project-team002
2025-11-07 17:03:49,953 INFO o.a.j.JMeter: IP: 127.0.0.1 Name: Nis-MacBook-Air.local FullName: localhost
2025-11-07 17:03:49,961 INFO o.a.j.JMeter: Setting property 'jmeter.reportgenerator.outputdir' to:'/Users/nishenghan/cs4218-2510-ecom-project-team002/profilereport'
2025-11-07 17:03:49,962 INFO o.a.j.s.FileServer: Default base='/Users/nishenghan/cs4218-2510-ecom-project-team002'
2025-11-07 17:03:49,963 INFO o.a.j.s.FileServer: Set new base='/Users/nishenghan/cs4218-2510-ecom-project-team002'
2025-11-07 17:03:50,068 INFO o.a.j.s.SaveService: Testplan (JMX) version: 2.2. Testlog (JTL) version: 2.2
2025-11-07 17:03:50,093 INFO o.a.j.s.SaveService: Using SaveService properties version 5.0
2025-11-07 17:03:50,095 INFO o.a.j.s.SaveService: Using SaveService properties file encoding UTF-8
2025-11-07 17:03:50,096 INFO o.a.j.s.SaveService: Loading file: ProfileManagementGroup.jmx
2025-11-07 17:03:50,148 INFO o.a.j.p.h.s.HTTPSamplerBase: Parser for text/html is org.apache.jmeter.protocol.http.parser.LagartoBasedHtmlParser
2025-11-07 17:03:50,148 INFO o.a.j.p.h.s.HTTPSamplerBase: Parser for application/xhtml+xml is org.apache.jmeter.protocol.http.parser.LagartoBasedHtmlParser
2025-11-07 17:03:50,149 INFO o.a.j.p.h.s.HTTPSamplerBase: Parser for application/xml is org.apache.jmeter.protocol.http.parser.LagartoBasedHtmlParser
2025-11-07 17:03:50,149 INFO o.a.j.p.h.s.HTTPSamplerBase: Parser for text/xml is org.apache.jmeter.protocol.http.parser.LagartoBasedHtmlParser
2025-11-07 17:03:50,149 INFO o.a.j.p.h.s.HTTPSamplerBase: Parser for text/vnd.wap.wml is org.apache.jmeter.protocol.http.parser.RegexpHTMLParser
2025-11-07 17:03:50,149 INFO o.a.j.p.h.s.HTTPSamplerBase: Parser for text/css is org.apache.jmeter.protocol.http.parser.CssParser
2025-11-07 17:03:50,191 INFO o.a.j.JMeter: Creating summariser <summary>
2025-11-07 17:03:50,194 INFO o.a.j.r.d.ReportGenerator: ReportGenerator will use for Parsing the separator: ','
2025-11-07 17:03:50,194 INFO o.a.j.r.d.ReportGenerator: Will generate report at end of test from  results file: ProfileResults.jtl
2025-11-07 17:03:50,194 INFO o.a.j.r.d.ReportGenerator: Reading report generator properties from: /opt/homebrew/Cellar/jmeter/5.6.3/libexec/bin/reportgenerator.properties
2025-11-07 17:03:50,194 INFO o.a.j.r.d.ReportGenerator: Merging with JMeter properties
2025-11-07 17:03:50,196 INFO o.a.j.r.c.ReportGeneratorConfiguration: Property 'jmeter.reportgenerator.temp_dir' not found, using default value 'temp' instead.
2025-11-07 17:03:50,197 INFO o.a.j.r.c.ReportGeneratorConfiguration: Property 'jmeter.reportgenerator.apdex_per_transaction' not found, using default value 'null' instead.
2025-11-07 17:03:50,197 INFO o.a.j.r.c.ReportGeneratorConfiguration: apdex_per_transaction is empty, not APDEX per transaction customization
2025-11-07 17:03:50,197 INFO o.a.j.r.c.ReportGeneratorConfiguration: Property 'jmeter.reportgenerator.sample_filter' not found, using default value 'null' instead.
2025-11-07 17:03:50,197 INFO o.a.j.r.c.ReportGeneratorConfiguration: Property 'jmeter.reportgenerator.report_title' not found, using default value 'null' instead.
2025-11-07 17:03:50,197 INFO o.a.j.r.c.ReportGeneratorConfiguration: Property 'jmeter.reportgenerator.start_date' not found, using default value 'null' instead.
2025-11-07 17:03:50,197 INFO o.a.j.r.c.ReportGeneratorConfiguration: Property 'jmeter.reportgenerator.end_date' not found, using default value 'null' instead.
2025-11-07 17:03:50,197 INFO o.a.j.r.c.ReportGeneratorConfiguration: Property 'jmeter.reportgenerator.date_format' not found, using default value 'null' instead.
2025-11-07 17:03:50,197 INFO o.a.j.r.c.ReportGeneratorConfiguration: Will use date range start date: null, end date: null
2025-11-07 17:03:50,199 INFO o.a.j.r.c.ReportGeneratorConfiguration: Property 'jmeter.reportgenerator.graph.totalTPS.exclude_controllers' not found, using default value 'false' instead.
2025-11-07 17:03:50,199 INFO o.a.j.r.c.ReportGeneratorConfiguration: Property 'jmeter.reportgenerator.graph.activeThreadsOverTime.exclude_controllers' not found, using default value 'false' instead.
2025-11-07 17:03:50,199 INFO o.a.j.r.c.ReportGeneratorConfiguration: Property 'jmeter.reportgenerator.graph.timeVsThreads.exclude_controllers' not found, using default value 'false' instead.
2025-11-07 17:03:50,199 INFO o.a.j.r.c.ReportGeneratorConfiguration: Property 'jmeter.reportgenerator.graph.responseTimeDistribution.exclude_controllers' not found, using default value 'false' instead.
2025-11-07 17:03:50,199 INFO o.a.j.r.c.ReportGeneratorConfiguration: Property 'jmeter.reportgenerator.graph.transactionsPerSecond.exclude_controllers' not found, using default value 'false' instead.
2025-11-07 17:03:50,199 INFO o.a.j.r.c.ReportGeneratorConfiguration: Property 'jmeter.reportgenerator.graph.responseTimePercentiles.exclude_controllers' not found, using default value 'false' instead.
2025-11-07 17:03:50,199 INFO o.a.j.r.c.ReportGeneratorConfiguration: Property 'jmeter.reportgenerator.graph.responseTimePercentilesOverTime.exclude_controllers' not found, using default value 'false' instead.
2025-11-07 17:03:50,199 INFO o.a.j.r.c.ReportGeneratorConfiguration: Property 'jmeter.reportgenerator.graph.responseTimesOverTime.exclude_controllers' not found, using default value 'false' instead.
2025-11-07 17:03:50,199 INFO o.a.j.r.c.ReportGeneratorConfiguration: Property 'jmeter.reportgenerator.graph.connectTimeOverTime.exclude_controllers' not found, using default value 'false' instead.
2025-11-07 17:03:50,199 INFO o.a.j.r.c.ReportGeneratorConfiguration: Property 'jmeter.reportgenerator.graph.latenciesOverTime.exclude_controllers' not found, using default value 'false' instead.
2025-11-07 17:03:50,200 INFO o.a.j.r.c.ReportGeneratorConfiguration: Property 'jmeter.reportgenerator.exporter.json.filters_only_sample_series' not found, using default value 'true' instead.
2025-11-07 17:03:50,200 INFO o.a.j.r.c.ReportGeneratorConfiguration: Property 'jmeter.reportgenerator.exporter.json.series_filter' not found, using default value '' instead.
2025-11-07 17:03:50,200 INFO o.a.j.r.c.ReportGeneratorConfiguration: Property 'jmeter.reportgenerator.exporter.json.show_controllers_only' not found, using default value 'false' instead.
2025-11-07 17:03:50,200 INFO o.a.j.r.c.ReportGeneratorConfiguration: Property 'jmeter.reportgenerator.exporter.html.filters_only_sample_series' not found, using default value 'true' instead.
2025-11-07 17:03:50,200 INFO o.a.j.r.c.ReportGeneratorConfiguration: Property 'jmeter.reportgenerator.exporter.html.series_filter' not found, using default value '' instead.
2025-11-07 17:03:50,200 INFO o.a.j.r.c.ReportGeneratorConfiguration: Property 'jmeter.reportgenerator.exporter.html.show_controllers_only' not found, using default value 'false' instead.
2025-11-07 17:03:50,208 INFO o.a.j.e.StandardJMeterEngine: Running the test!
2025-11-07 17:03:50,209 INFO o.a.j.s.SampleEvent: List of sample_variables: []
2025-11-07 17:03:50,209 INFO o.a.j.s.SampleEvent: List of sample_variables: []
2025-11-07 17:03:50,211 INFO o.a.j.e.u.CompoundVariable: Note: Function class names must contain the string: '.functions.'
2025-11-07 17:03:50,211 INFO o.a.j.e.u.CompoundVariable: Note: Function class names must not contain the string: '.gui.'
2025-11-07 17:03:50,235 INFO o.a.j.r.ClassFinder: Will scan jar /opt/homebrew/Cellar/jmeter/5.6.3/libexec/lib/ext/jmeter-plugins-manager-1.9.jar with filter ExtendsClassFilter [parents=[interface org.apache.jmeter.functions.Function], inner=false, contains=null, notContains=null]. Consider exposing JMeter plugins via META-INF/services, and add JMeter-Skip-Class-Scanning=true manifest attribute so JMeter can skip classfile scanning
2025-11-07 17:03:50,316 INFO o.a.j.JMeter: Running test (1762506230316)
2025-11-07 17:03:50,325 INFO o.a.j.e.StandardJMeterEngine: Starting ThreadGroup: 1 : Mixed Admin and User Profile Management
2025-11-07 17:03:50,326 INFO o.a.j.e.StandardJMeterEngine: Starting 15 threads for group Mixed Admin and User Profile Management.
2025-11-07 17:03:50,326 INFO o.a.j.e.StandardJMeterEngine: Thread will continue on error
2025-11-07 17:03:50,326 INFO o.a.j.t.ThreadGroup: Starting thread group... number=1 threads=15 ramp-up=10 delayedStart=false
2025-11-07 17:03:50,339 INFO o.a.j.t.JMeterThread: Thread started: Mixed Admin and User Profile Management 1-1
2025-11-07 17:03:50,341 INFO o.a.j.s.SampleResult: Note: Sample TimeStamps are START times
2025-11-07 17:03:50,341 INFO o.a.j.s.SampleResult: sampleresult.default.encoding is set to UTF-8
2025-11-07 17:03:50,341 INFO o.a.j.s.SampleResult: sampleresult.useNanoTime=true
2025-11-07 17:03:50,341 INFO o.a.j.s.SampleResult: sampleresult.nanoThreadSleep=5000
2025-11-07 17:03:50,348 INFO o.a.j.u.BeanShellTestElement: Thread 1 assigned ADMIN role: david123@gmail.com
2025-11-07 17:03:50,349 INFO o.a.j.u.BeanShellTestElement:    Profile Access: Cart Page > Update Address
2025-11-07 17:03:50,361 INFO o.a.j.p.h.s.HTTPHCAbstractImpl: Local host = Nis-MacBook-Air.local
2025-11-07 17:03:50,371 INFO o.a.j.p.h.s.HTTPHC4Impl: HTTP request retry count = 0
2025-11-07 17:03:50,543 INFO o.a.j.t.ThreadGroup: Started thread group number 1
2025-11-07 17:03:50,543 INFO o.a.j.e.StandardJMeterEngine: All thread groups have been started
2025-11-07 17:03:50,552 INFO o.a.j.u.BeanShellTestElement: ðŸ›’ ADMIN CART PAGE NAVIGATION - Thread 1
2025-11-07 17:03:50,552 INFO o.a.j.u.BeanShellTestElement:    Action: Admin navigated to /cart page
2025-11-07 17:03:50,552 INFO o.a.j.u.BeanShellTestElement:    Page: Cart page loaded (frontend React route)
2025-11-07 17:03:50,554 INFO o.a.j.u.BeanShellTestElement: ðŸ–±ï¸ ADMIN UPDATE ADDRESS CLICK - Thread 1
2025-11-07 17:03:50,554 INFO o.a.j.u.BeanShellTestElement:    Action: Admin clicked 'Update Address' button on cart page
2025-11-07 17:03:50,554 INFO o.a.j.u.BeanShellTestElement:    Navigation: Cart Page â†’ /dashboard/user/profile
2025-11-07 17:03:50,554 INFO o.a.j.u.BeanShellTestElement:    Target: Profile management page
2025-11-07 17:03:50,558 INFO o.a.j.u.BeanShellTestElement: ðŸ“‹ PROFILE INFO FROM LOGIN - Thread 1 (ADMIN)
2025-11-07 17:03:50,558 INFO o.a.j.u.BeanShellTestElement:    Name: davidn
2025-11-07 17:03:50,558 INFO o.a.j.u.BeanShellTestElement:    Email: david123@gmail.com
2025-11-07 17:03:50,558 INFO o.a.j.u.BeanShellTestElement:    Current Phone: 88888888
2025-11-07 17:03:50,558 INFO o.a.j.u.BeanShellTestElement:    Current Address: sims avenue 908
2025-11-07 17:03:50,561 INFO o.a.j.u.BeanShellTestElement: ðŸ“ PROFILE UPDATE PREPARATION - Thread 1 (ADMIN)
2025-11-07 17:03:50,561 INFO o.a.j.u.BeanShellTestElement:    Update Type: Phone Number
2025-11-07 17:03:50,562 INFO o.a.j.u.BeanShellTestElement:    Current Phone: 88888888
2025-11-07 17:03:50,562 INFO o.a.j.u.BeanShellTestElement:    New Phone: +65 8765 4321
2025-11-07 17:03:50,562 INFO o.a.j.u.BeanShellTestElement:    Current Address: sims avenue 908
2025-11-07 17:03:50,562 INFO o.a.j.u.BeanShellTestElement:    New Address: sims avenue 908
2025-11-07 17:03:50,580 INFO o.a.j.u.BeanShellTestElement: âœ… PROFILE UPDATE COMPLETED - Thread 1 (ADMIN)
2025-11-07 17:03:50,580 INFO o.a.j.u.BeanShellTestElement:    Access Path: cart_update_address
2025-11-07 17:03:50,580 INFO o.a.j.u.BeanShellTestElement:    Updated Field: Phone Number
2025-11-07 17:03:50,581 INFO o.a.j.u.BeanShellTestElement:    New Phone: +65 8765 4321
2025-11-07 17:03:50,581 INFO o.a.j.u.BeanShellTestElement:    Status: Profile update API call completed successfully
2025-11-07 17:03:50,584 INFO o.a.j.u.BeanShellTestElement: === PROFILE LOAD TEST COMPLETE ===
2025-11-07 17:03:50,584 INFO o.a.j.u.BeanShellTestElement: Thread 1 (ADMIN) finished successfully
2025-11-07 17:03:50,584 INFO o.a.j.u.BeanShellTestElement: Access Path: cart_update_address | Update: Phone Number | Verified: true
2025-11-07 17:03:50,584 INFO o.a.j.t.JMeterThread: Thread is done: Mixed Admin and User Profile Management 1-1
2025-11-07 17:03:50,584 INFO o.a.j.t.JMeterThread: Thread finished: Mixed Admin and User Profile Management 1-1
2025-11-07 17:03:51,014 INFO o.a.j.t.JMeterThread: Thread started: Mixed Admin and User Profile Management 1-2
2025-11-07 17:03:51,016 INFO o.a.j.u.BeanShellTestElement: Thread 2 assigned ADMIN role: david123@gmail.com
2025-11-07 17:03:51,017 INFO o.a.j.u.BeanShellTestElement:    Profile Access: Cart Page > Update Address
2025-11-07 17:03:51,088 INFO o.a.j.u.BeanShellTestElement: ðŸ›’ ADMIN CART PAGE NAVIGATION - Thread 2
2025-11-07 17:03:51,088 INFO o.a.j.u.BeanShellTestElement:    Action: Admin navigated to /cart page
2025-11-07 17:03:51,088 INFO o.a.j.u.BeanShellTestElement:    Page: Cart page loaded (frontend React route)
2025-11-07 17:03:51,088 INFO o.a.j.u.BeanShellTestElement: ðŸ–±ï¸ ADMIN UPDATE ADDRESS CLICK - Thread 2
2025-11-07 17:03:51,089 INFO o.a.j.u.BeanShellTestElement:    Action: Admin clicked 'Update Address' button on cart page
2025-11-07 17:03:51,089 INFO o.a.j.u.BeanShellTestElement:    Navigation: Cart Page â†’ /dashboard/user/profile
2025-11-07 17:03:51,089 INFO o.a.j.u.BeanShellTestElement:    Target: Profile management page
2025-11-07 17:03:51,091 INFO o.a.j.u.BeanShellTestElement: ðŸ“‹ PROFILE INFO FROM LOGIN - Thread 2 (ADMIN)
2025-11-07 17:03:51,091 INFO o.a.j.u.BeanShellTestElement:    Name: davidn
2025-11-07 17:03:51,091 INFO o.a.j.u.BeanShellTestElement:    Email: david123@gmail.com
2025-11-07 17:03:51,091 INFO o.a.j.u.BeanShellTestElement:    Current Phone: +65 8765 4321
2025-11-07 17:03:51,091 INFO o.a.j.u.BeanShellTestElement:    Current Address: sims avenue 908
2025-11-07 17:03:51,093 INFO o.a.j.u.BeanShellTestElement: ðŸ“ PROFILE UPDATE PREPARATION - Thread 2 (ADMIN)
2025-11-07 17:03:51,093 INFO o.a.j.u.BeanShellTestElement:    Update Type: Home Address
2025-11-07 17:03:51,093 INFO o.a.j.u.BeanShellTestElement:    Current Phone: +65 8765 4321
2025-11-07 17:03:51,093 INFO o.a.j.u.BeanShellTestElement:    New Phone: +65 8765 4321
2025-11-07 17:03:51,093 INFO o.a.j.u.BeanShellTestElement:    Current Address: sims avenue 908
2025-11-07 17:03:51,093 INFO o.a.j.u.BeanShellTestElement:    New Address: 789 Clementi Avenue, Singapore 129834
2025-11-07 17:03:51,107 INFO o.a.j.u.BeanShellTestElement: âœ… PROFILE UPDATE COMPLETED - Thread 2 (ADMIN)
2025-11-07 17:03:51,107 INFO o.a.j.u.BeanShellTestElement:    Access Path: cart_update_address
2025-11-07 17:03:51,107 INFO o.a.j.u.BeanShellTestElement:    Updated Field: Home Address
2025-11-07 17:03:51,107 INFO o.a.j.u.BeanShellTestElement:    New Address: 789 Clementi Avenue, Singapore 129834
2025-11-07 17:03:51,107 INFO o.a.j.u.BeanShellTestElement:    Status: Profile update API call completed successfully
2025-11-07 17:03:51,109 INFO o.a.j.u.BeanShellTestElement: === PROFILE LOAD TEST COMPLETE ===
2025-11-07 17:03:51,109 INFO o.a.j.u.BeanShellTestElement: Thread 2 (ADMIN) finished successfully
2025-11-07 17:03:51,109 INFO o.a.j.u.BeanShellTestElement: Access Path: cart_update_address | Update: Home Address | Verified: true
2025-11-07 17:03:51,109 INFO o.a.j.t.JMeterThread: Thread is done: Mixed Admin and User Profile Management 1-2
2025-11-07 17:03:51,109 INFO o.a.j.t.JMeterThread: Thread finished: Mixed Admin and User Profile Management 1-2
2025-11-07 17:03:51,700 INFO o.a.j.t.JMeterThread: Thread started: Mixed Admin and User Profile Management 1-3
2025-11-07 17:03:51,704 INFO o.a.j.u.BeanShellTestElement: Thread 3 assigned ADMIN role: david123@gmail.com
2025-11-07 17:03:51,704 INFO o.a.j.u.BeanShellTestElement:    Profile Access: Cart Page > Update Address
2025-11-07 17:03:51,790 INFO o.a.j.u.BeanShellTestElement: ðŸ›’ ADMIN CART PAGE NAVIGATION - Thread 3
2025-11-07 17:03:51,790 INFO o.a.j.u.BeanShellTestElement:    Action: Admin navigated to /cart page
2025-11-07 17:03:51,790 INFO o.a.j.u.BeanShellTestElement:    Page: Cart page loaded (frontend React route)
2025-11-07 17:03:51,791 INFO o.a.j.u.BeanShellTestElement: ðŸ–±ï¸ ADMIN UPDATE ADDRESS CLICK - Thread 3
2025-11-07 17:03:51,791 INFO o.a.j.u.BeanShellTestElement:    Action: Admin clicked 'Update Address' button on cart page
2025-11-07 17:03:51,791 INFO o.a.j.u.BeanShellTestElement:    Navigation: Cart Page â†’ /dashboard/user/profile
2025-11-07 17:03:51,791 INFO o.a.j.u.BeanShellTestElement:    Target: Profile management page
2025-11-07 17:03:51,793 INFO o.a.j.u.BeanShellTestElement: ðŸ“‹ PROFILE INFO FROM LOGIN - Thread 3 (ADMIN)
2025-11-07 17:03:51,793 INFO o.a.j.u.BeanShellTestElement:    Name: davidn
2025-11-07 17:03:51,793 INFO o.a.j.u.BeanShellTestElement:    Email: david123@gmail.com
2025-11-07 17:03:51,793 INFO o.a.j.u.BeanShellTestElement:    Current Phone: +65 8765 4321
2025-11-07 17:03:51,793 INFO o.a.j.u.BeanShellTestElement:    Current Address: 789 Clementi Avenue, Singapore 129834
2025-11-07 17:03:51,794 INFO o.a.j.u.BeanShellTestElement: ðŸ“ PROFILE UPDATE PREPARATION - Thread 3 (ADMIN)
2025-11-07 17:03:51,794 INFO o.a.j.u.BeanShellTestElement:    Update Type: Phone Number
2025-11-07 17:03:51,794 INFO o.a.j.u.BeanShellTestElement:    Current Phone: +65 8765 4321
2025-11-07 17:03:51,794 INFO o.a.j.u.BeanShellTestElement:    New Phone: +65 8234 5678
2025-11-07 17:03:51,794 INFO o.a.j.u.BeanShellTestElement:    Current Address: 789 Clementi Avenue, Singapore 129834
2025-11-07 17:03:51,794 INFO o.a.j.u.BeanShellTestElement:    New Address: 789 Clementi Avenue, Singapore 129834
2025-11-07 17:03:51,808 INFO o.a.j.u.BeanShellTestElement: âœ… PROFILE UPDATE COMPLETED - Thread 3 (ADMIN)
2025-11-07 17:03:51,808 INFO o.a.j.u.BeanShellTestElement:    Access Path: cart_update_address
2025-11-07 17:03:51,808 INFO o.a.j.u.BeanShellTestElement:    Updated Field: Phone Number
2025-11-07 17:03:51,808 INFO o.a.j.u.BeanShellTestElement:    New Phone: +65 8234 5678
2025-11-07 17:03:51,808 INFO o.a.j.u.BeanShellTestElement:    Status: Profile update API call completed successfully
2025-11-07 17:03:51,809 INFO o.a.j.u.BeanShellTestElement: === PROFILE LOAD TEST COMPLETE ===
2025-11-07 17:03:51,809 INFO o.a.j.u.BeanShellTestElement: Thread 3 (ADMIN) finished successfully
2025-11-07 17:03:51,809 INFO o.a.j.u.BeanShellTestElement: Access Path: cart_update_address | Update: Phone Number | Verified: true
2025-11-07 17:03:51,810 INFO o.a.j.t.JMeterThread: Thread is done: Mixed Admin and User Profile Management 1-3
2025-11-07 17:03:51,810 INFO o.a.j.t.JMeterThread: Thread finished: Mixed Admin and User Profile Management 1-3
2025-11-07 17:03:52,350 INFO o.a.j.t.JMeterThread: Thread started: Mixed Admin and User Profile Management 1-4
2025-11-07 17:03:52,351 INFO o.a.j.u.BeanShellTestElement: Thread 4 assigned ADMIN role: david123@gmail.com
2025-11-07 17:03:52,351 INFO o.a.j.u.BeanShellTestElement:    Profile Access: Cart Page > Update Address
2025-11-07 17:03:52,463 INFO o.a.j.u.BeanShellTestElement: ðŸ›’ ADMIN CART PAGE NAVIGATION - Thread 4
2025-11-07 17:03:52,463 INFO o.a.j.u.BeanShellTestElement:    Action: Admin navigated to /cart page
2025-11-07 17:03:52,463 INFO o.a.j.u.BeanShellTestElement:    Page: Cart page loaded (frontend React route)
2025-11-07 17:03:52,464 INFO o.a.j.u.BeanShellTestElement: ðŸ–±ï¸ ADMIN UPDATE ADDRESS CLICK - Thread 4
2025-11-07 17:03:52,464 INFO o.a.j.u.BeanShellTestElement:    Action: Admin clicked 'Update Address' button on cart page
2025-11-07 17:03:52,464 INFO o.a.j.u.BeanShellTestElement:    Navigation: Cart Page â†’ /dashboard/user/profile
2025-11-07 17:03:52,464 INFO o.a.j.u.BeanShellTestElement:    Target: Profile management page
2025-11-07 17:03:52,466 INFO o.a.j.u.BeanShellTestElement: ðŸ“‹ PROFILE INFO FROM LOGIN - Thread 4 (ADMIN)
2025-11-07 17:03:52,466 INFO o.a.j.u.BeanShellTestElement:    Name: davidn
2025-11-07 17:03:52,466 INFO o.a.j.u.BeanShellTestElement:    Email: david123@gmail.com
2025-11-07 17:03:52,466 INFO o.a.j.u.BeanShellTestElement:    Current Phone: +65 8234 5678
2025-11-07 17:03:52,466 INFO o.a.j.u.BeanShellTestElement:    Current Address: 789 Clementi Avenue, Singapore 129834
2025-11-07 17:03:52,467 INFO o.a.j.u.BeanShellTestElement: ðŸ“ PROFILE UPDATE PREPARATION - Thread 4 (ADMIN)
2025-11-07 17:03:52,467 INFO o.a.j.u.BeanShellTestElement:    Update Type: Home Address
2025-11-07 17:03:52,467 INFO o.a.j.u.BeanShellTestElement:    Current Phone: +65 8234 5678
2025-11-07 17:03:52,467 INFO o.a.j.u.BeanShellTestElement:    New Phone: +65 8234 5678
2025-11-07 17:03:52,467 INFO o.a.j.u.BeanShellTestElement:    Current Address: 789 Clementi Avenue, Singapore 129834
2025-11-07 17:03:52,467 INFO o.a.j.u.BeanShellTestElement:    New Address: 654 Tampines Central, Singapore 529509
2025-11-07 17:03:52,481 INFO o.a.j.u.BeanShellTestElement: âœ… PROFILE UPDATE COMPLETED - Thread 4 (ADMIN)
2025-11-07 17:03:52,481 INFO o.a.j.u.BeanShellTestElement:    Access Path: cart_update_address
2025-11-07 17:03:52,481 INFO o.a.j.u.BeanShellTestElement:    Updated Field: Home Address
2025-11-07 17:03:52,481 INFO o.a.j.u.BeanShellTestElement:    New Address: 654 Tampines Central, Singapore 529509
2025-11-07 17:03:52,481 INFO o.a.j.u.BeanShellTestElement:    Status: Profile update API call completed successfully
2025-11-07 17:03:52,482 INFO o.a.j.u.BeanShellTestElement: === PROFILE LOAD TEST COMPLETE ===
2025-11-07 17:03:52,482 INFO o.a.j.u.BeanShellTestElement: Thread 4 (ADMIN) finished successfully
2025-11-07 17:03:52,482 INFO o.a.j.u.BeanShellTestElement: Access Path: cart_update_address | Update: Home Address | Verified: true
2025-11-07 17:03:52,483 INFO o.a.j.t.JMeterThread: Thread is done: Mixed Admin and User Profile Management 1-4
2025-11-07 17:03:52,483 INFO o.a.j.t.JMeterThread: Thread finished: Mixed Admin and User Profile Management 1-4
2025-11-07 17:03:53,012 INFO o.a.j.t.JMeterThread: Thread started: Mixed Admin and User Profile Management 1-5
2025-11-07 17:03:53,013 INFO o.a.j.u.BeanShellTestElement: Thread 5 assigned ADMIN role: david123@gmail.com
2025-11-07 17:03:53,013 INFO o.a.j.u.BeanShellTestElement:    Profile Access: Cart Page > Update Address
2025-11-07 17:03:53,093 INFO o.a.j.u.BeanShellTestElement: ðŸ›’ ADMIN CART PAGE NAVIGATION - Thread 5
2025-11-07 17:03:53,093 INFO o.a.j.u.BeanShellTestElement:    Action: Admin navigated to /cart page
2025-11-07 17:03:53,093 INFO o.a.j.u.BeanShellTestElement:    Page: Cart page loaded (frontend React route)
2025-11-07 17:03:53,094 INFO o.a.j.u.BeanShellTestElement: ðŸ–±ï¸ ADMIN UPDATE ADDRESS CLICK - Thread 5
2025-11-07 17:03:53,094 INFO o.a.j.u.BeanShellTestElement:    Action: Admin clicked 'Update Address' button on cart page
2025-11-07 17:03:53,094 INFO o.a.j.u.BeanShellTestElement:    Navigation: Cart Page â†’ /dashboard/user/profile
2025-11-07 17:03:53,094 INFO o.a.j.u.BeanShellTestElement:    Target: Profile management page
2025-11-07 17:03:53,096 INFO o.a.j.u.BeanShellTestElement: ðŸ“‹ PROFILE INFO FROM LOGIN - Thread 5 (ADMIN)
2025-11-07 17:03:53,096 INFO o.a.j.u.BeanShellTestElement:    Name: davidn
2025-11-07 17:03:53,096 INFO o.a.j.u.BeanShellTestElement:    Email: david123@gmail.com
2025-11-07 17:03:53,096 INFO o.a.j.u.BeanShellTestElement:    Current Phone: +65 8234 5678
2025-11-07 17:03:53,096 INFO o.a.j.u.BeanShellTestElement:    Current Address: 654 Tampines Central, Singapore 529509
2025-11-07 17:03:53,096 INFO o.a.j.u.BeanShellTestElement: ðŸ“ PROFILE UPDATE PREPARATION - Thread 5 (ADMIN)
2025-11-07 17:03:53,097 INFO o.a.j.u.BeanShellTestElement:    Update Type: Phone Number
2025-11-07 17:03:53,097 INFO o.a.j.u.BeanShellTestElement:    Current Phone: +65 8234 5678
2025-11-07 17:03:53,097 INFO o.a.j.u.BeanShellTestElement:    New Phone: +65 8456 7890
2025-11-07 17:03:53,097 INFO o.a.j.u.BeanShellTestElement:    Current Address: 654 Tampines Central, Singapore 529509
2025-11-07 17:03:53,097 INFO o.a.j.u.BeanShellTestElement:    New Address: 654 Tampines Central, Singapore 529509
2025-11-07 17:03:53,112 INFO o.a.j.u.BeanShellTestElement: âœ… PROFILE UPDATE COMPLETED - Thread 5 (ADMIN)
2025-11-07 17:03:53,112 INFO o.a.j.u.BeanShellTestElement:    Access Path: cart_update_address
2025-11-07 17:03:53,112 INFO o.a.j.u.BeanShellTestElement:    Updated Field: Phone Number
2025-11-07 17:03:53,113 INFO o.a.j.u.BeanShellTestElement:    New Phone: +65 8456 7890
2025-11-07 17:03:53,113 INFO o.a.j.u.BeanShellTestElement:    Status: Profile update API call completed successfully
2025-11-07 17:03:53,114 INFO o.a.j.u.BeanShellTestElement: === PROFILE LOAD TEST COMPLETE ===
2025-11-07 17:03:53,114 INFO o.a.j.u.BeanShellTestElement: Thread 5 (ADMIN) finished successfully
2025-11-07 17:03:53,114 INFO o.a.j.u.BeanShellTestElement: Access Path: cart_update_address | Update: Phone Number | Verified: true
2025-11-07 17:03:53,114 INFO o.a.j.t.JMeterThread: Thread is done: Mixed Admin and User Profile Management 1-5
2025-11-07 17:03:53,114 INFO o.a.j.t.JMeterThread: Thread finished: Mixed Admin and User Profile Management 1-5
2025-11-07 17:03:53,675 INFO o.a.j.t.JMeterThread: Thread started: Mixed Admin and User Profile Management 1-6
2025-11-07 17:03:53,676 INFO o.a.j.u.BeanShellTestElement: Thread 6 assigned ADMIN role: david123@gmail.com
2025-11-07 17:03:53,676 INFO o.a.j.u.BeanShellTestElement:    Profile Access: Cart Page > Update Address
2025-11-07 17:03:53,803 INFO o.a.j.u.BeanShellTestElement: ðŸ›’ ADMIN CART PAGE NAVIGATION - Thread 6
2025-11-07 17:03:53,803 INFO o.a.j.u.BeanShellTestElement:    Action: Admin navigated to /cart page
2025-11-07 17:03:53,803 INFO o.a.j.u.BeanShellTestElement:    Page: Cart page loaded (frontend React route)
2025-11-07 17:03:53,804 INFO o.a.j.u.BeanShellTestElement: ðŸ–±ï¸ ADMIN UPDATE ADDRESS CLICK - Thread 6
2025-11-07 17:03:53,804 INFO o.a.j.u.BeanShellTestElement:    Action: Admin clicked 'Update Address' button on cart page
2025-11-07 17:03:53,804 INFO o.a.j.u.BeanShellTestElement:    Navigation: Cart Page â†’ /dashboard/user/profile
2025-11-07 17:03:53,804 INFO o.a.j.u.BeanShellTestElement:    Target: Profile management page
2025-11-07 17:03:53,805 INFO o.a.j.u.BeanShellTestElement: ðŸ“‹ PROFILE INFO FROM LOGIN - Thread 6 (ADMIN)
2025-11-07 17:03:53,806 INFO o.a.j.u.BeanShellTestElement:    Name: davidn
2025-11-07 17:03:53,806 INFO o.a.j.u.BeanShellTestElement:    Email: david123@gmail.com
2025-11-07 17:03:53,806 INFO o.a.j.u.BeanShellTestElement:    Current Phone: +65 8456 7890
2025-11-07 17:03:53,806 INFO o.a.j.u.BeanShellTestElement:    Current Address: 654 Tampines Central, Singapore 529509
2025-11-07 17:03:53,806 INFO o.a.j.u.BeanShellTestElement: ðŸ“ PROFILE UPDATE PREPARATION - Thread 6 (ADMIN)
2025-11-07 17:03:53,806 INFO o.a.j.u.BeanShellTestElement:    Update Type: Home Address
2025-11-07 17:03:53,806 INFO o.a.j.u.BeanShellTestElement:    Current Phone: +65 8456 7890
2025-11-07 17:03:53,806 INFO o.a.j.u.BeanShellTestElement:    New Phone: +65 8456 7890
2025-11-07 17:03:53,807 INFO o.a.j.u.BeanShellTestElement:    Current Address: 654 Tampines Central, Singapore 529509
2025-11-07 17:03:53,807 INFO o.a.j.u.BeanShellTestElement:    New Address: 123 Orchard Road, Singapore 238873
2025-11-07 17:03:53,821 INFO o.a.j.u.BeanShellTestElement: âœ… PROFILE UPDATE COMPLETED - Thread 6 (ADMIN)
2025-11-07 17:03:53,821 INFO o.a.j.u.BeanShellTestElement:    Access Path: cart_update_address
2025-11-07 17:03:53,821 INFO o.a.j.u.BeanShellTestElement:    Updated Field: Home Address
2025-11-07 17:03:53,821 INFO o.a.j.u.BeanShellTestElement:    New Address: 123 Orchard Road, Singapore 238873
2025-11-07 17:03:53,821 INFO o.a.j.u.BeanShellTestElement:    Status: Profile update API call completed successfully
2025-11-07 17:03:53,822 INFO o.a.j.u.BeanShellTestElement: === PROFILE LOAD TEST COMPLETE ===
2025-11-07 17:03:53,822 INFO o.a.j.u.BeanShellTestElement: Thread 6 (ADMIN) finished successfully
2025-11-07 17:03:53,822 INFO o.a.j.u.BeanShellTestElement: Access Path: cart_update_address | Update: Home Address | Verified: true
2025-11-07 17:03:53,822 INFO o.a.j.t.JMeterThread: Thread is done: Mixed Admin and User Profile Management 1-6
2025-11-07 17:03:53,822 INFO o.a.j.t.JMeterThread: Thread finished: Mixed Admin and User Profile Management 1-6
2025-11-07 17:03:54,342 INFO o.a.j.t.JMeterThread: Thread started: Mixed Admin and User Profile Management 1-7
2025-11-07 17:03:54,343 INFO o.a.j.u.BeanShellTestElement: Thread 7 assigned NORMAL USER role: loadtest1@test.com
2025-11-07 17:03:54,344 INFO o.a.j.u.BeanShellTestElement:    Profile Access: Dashboard > Profile
2025-11-07 17:03:54,407 INFO o.a.j.u.BeanShellTestElement: ðŸ“Š USER DASHBOARD NAVIGATION - Thread 7
2025-11-07 17:03:54,407 INFO o.a.j.u.BeanShellTestElement:    Action: User navigated to /dashboard page
2025-11-07 17:03:54,407 INFO o.a.j.u.BeanShellTestElement:    Page: Dashboard loaded (frontend React route)
2025-11-07 17:03:54,407 INFO o.a.j.u.BeanShellTestElement: ðŸ‘¤ USER PROFILE CLICK - Thread 7
2025-11-07 17:03:54,407 INFO o.a.j.u.BeanShellTestElement:    Action: User clicked 'Profile' menu on dashboard
2025-11-07 17:03:54,407 INFO o.a.j.u.BeanShellTestElement:    Navigation: Dashboard â†’ /dashboard/user/profile
2025-11-07 17:03:54,407 INFO o.a.j.u.BeanShellTestElement:    Target: Profile management page
2025-11-07 17:03:54,408 INFO o.a.j.u.BeanShellTestElement: ðŸ“‹ PROFILE INFO FROM LOGIN - Thread 7 (NORMAL_USER)
2025-11-07 17:03:54,408 INFO o.a.j.u.BeanShellTestElement:    Name: LoadTestUser1
2025-11-07 17:03:54,408 INFO o.a.j.u.BeanShellTestElement:    Email: loadtest1@test.com
2025-11-07 17:03:54,408 INFO o.a.j.u.BeanShellTestElement:    Current Phone: +65 8234 5678
2025-11-07 17:03:54,408 INFO o.a.j.u.BeanShellTestElement:    Current Address: 789 Clementi Avenue, Singapore 129834
2025-11-07 17:03:54,408 INFO o.a.j.u.BeanShellTestElement: ðŸ“ PROFILE UPDATE PREPARATION - Thread 7 (NORMAL_USER)
2025-11-07 17:03:54,408 INFO o.a.j.u.BeanShellTestElement:    Update Type: Phone Number
2025-11-07 17:03:54,409 INFO o.a.j.u.BeanShellTestElement:    Current Phone: +65 8234 5678
2025-11-07 17:03:54,409 INFO o.a.j.u.BeanShellTestElement:    New Phone: +65 8765 4321
2025-11-07 17:03:54,409 INFO o.a.j.u.BeanShellTestElement:    Current Address: 789 Clementi Avenue, Singapore 129834
2025-11-07 17:03:54,409 INFO o.a.j.u.BeanShellTestElement:    New Address: 789 Clementi Avenue, Singapore 129834
2025-11-07 17:03:54,422 INFO o.a.j.u.BeanShellTestElement: âœ… PROFILE UPDATE COMPLETED - Thread 7 (NORMAL_USER)
2025-11-07 17:03:54,422 INFO o.a.j.u.BeanShellTestElement:    Access Path: dashboard_profile
2025-11-07 17:03:54,422 INFO o.a.j.u.BeanShellTestElement:    Updated Field: Phone Number
2025-11-07 17:03:54,422 INFO o.a.j.u.BeanShellTestElement:    New Phone: +65 8765 4321
2025-11-07 17:03:54,422 INFO o.a.j.u.BeanShellTestElement:    Status: Profile update API call completed successfully
2025-11-07 17:03:54,423 INFO o.a.j.u.BeanShellTestElement: === PROFILE LOAD TEST COMPLETE ===
2025-11-07 17:03:54,423 INFO o.a.j.u.BeanShellTestElement: Thread 7 (NORMAL_USER) finished successfully
2025-11-07 17:03:54,423 INFO o.a.j.u.BeanShellTestElement: Access Path: dashboard_profile | Update: Phone Number | Verified: true
2025-11-07 17:03:54,423 INFO o.a.j.t.JMeterThread: Thread is done: Mixed Admin and User Profile Management 1-7
2025-11-07 17:03:54,423 INFO o.a.j.t.JMeterThread: Thread finished: Mixed Admin and User Profile Management 1-7
2025-11-07 17:03:55,009 INFO o.a.j.t.JMeterThread: Thread started: Mixed Admin and User Profile Management 1-8
2025-11-07 17:03:55,014 INFO o.a.j.u.BeanShellTestElement: Thread 8 assigned NORMAL USER role: loadtest1@test.com
2025-11-07 17:03:55,014 INFO o.a.j.u.BeanShellTestElement:    Profile Access: Dashboard > Profile
2025-11-07 17:03:55,105 INFO o.a.j.u.BeanShellTestElement: ðŸ“Š USER DASHBOARD NAVIGATION - Thread 8
2025-11-07 17:03:55,105 INFO o.a.j.u.BeanShellTestElement:    Action: User navigated to /dashboard page
2025-11-07 17:03:55,105 INFO o.a.j.u.BeanShellTestElement:    Page: Dashboard loaded (frontend React route)
2025-11-07 17:03:55,106 INFO o.a.j.u.BeanShellTestElement: ðŸ‘¤ USER PROFILE CLICK - Thread 8
2025-11-07 17:03:55,106 INFO o.a.j.u.BeanShellTestElement:    Action: User clicked 'Profile' menu on dashboard
2025-11-07 17:03:55,106 INFO o.a.j.u.BeanShellTestElement:    Navigation: Dashboard â†’ /dashboard/user/profile
2025-11-07 17:03:55,106 INFO o.a.j.u.BeanShellTestElement:    Target: Profile management page
2025-11-07 17:03:55,106 INFO o.a.j.u.BeanShellTestElement: ðŸ“‹ PROFILE INFO FROM LOGIN - Thread 8 (NORMAL_USER)
2025-11-07 17:03:55,106 INFO o.a.j.u.BeanShellTestElement:    Name: LoadTestUser1
2025-11-07 17:03:55,106 INFO o.a.j.u.BeanShellTestElement:    Email: loadtest1@test.com
2025-11-07 17:03:55,106 INFO o.a.j.u.BeanShellTestElement:    Current Phone: +65 8765 4321
2025-11-07 17:03:55,106 INFO o.a.j.u.BeanShellTestElement:    Current Address: 789 Clementi Avenue, Singapore 129834
2025-11-07 17:03:55,107 INFO o.a.j.u.BeanShellTestElement: ðŸ“ PROFILE UPDATE PREPARATION - Thread 8 (NORMAL_USER)
2025-11-07 17:03:55,107 INFO o.a.j.u.BeanShellTestElement:    Update Type: Home Address
2025-11-07 17:03:55,107 INFO o.a.j.u.BeanShellTestElement:    Current Phone: +65 8765 4321
2025-11-07 17:03:55,107 INFO o.a.j.u.BeanShellTestElement:    New Phone: +65 8765 4321
2025-11-07 17:03:55,107 INFO o.a.j.u.BeanShellTestElement:    Current Address: 789 Clementi Avenue, Singapore 129834
2025-11-07 17:03:55,107 INFO o.a.j.u.BeanShellTestElement:    New Address: 789 Clementi Avenue, Singapore 129834
2025-11-07 17:03:55,121 INFO o.a.j.u.BeanShellTestElement: âœ… PROFILE UPDATE COMPLETED - Thread 8 (NORMAL_USER)
2025-11-07 17:03:55,121 INFO o.a.j.u.BeanShellTestElement:    Access Path: dashboard_profile
2025-11-07 17:03:55,121 INFO o.a.j.u.BeanShellTestElement:    Updated Field: Home Address
2025-11-07 17:03:55,121 INFO o.a.j.u.BeanShellTestElement:    New Address: 789 Clementi Avenue, Singapore 129834
2025-11-07 17:03:55,121 INFO o.a.j.u.BeanShellTestElement:    Status: Profile update API call completed successfully
2025-11-07 17:03:55,122 INFO o.a.j.u.BeanShellTestElement: === PROFILE LOAD TEST COMPLETE ===
2025-11-07 17:03:55,122 INFO o.a.j.u.BeanShellTestElement: Thread 8 (NORMAL_USER) finished successfully
2025-11-07 17:03:55,122 INFO o.a.j.u.BeanShellTestElement: Access Path: dashboard_profile | Update: Home Address | Verified: true
2025-11-07 17:03:55,122 INFO o.a.j.t.JMeterThread: Thread is done: Mixed Admin and User Profile Management 1-8
2025-11-07 17:03:55,122 INFO o.a.j.t.JMeterThread: Thread finished: Mixed Admin and User Profile Management 1-8
2025-11-07 17:03:55,676 INFO o.a.j.t.JMeterThread: Thread started: Mixed Admin and User Profile Management 1-9
2025-11-07 17:03:55,677 INFO o.a.j.u.BeanShellTestElement: Thread 9 assigned NORMAL USER role: loadtest1@test.com
2025-11-07 17:03:55,677 INFO o.a.j.u.BeanShellTestElement:    Profile Access: Dashboard > Profile
2025-11-07 17:03:55,747 INFO o.a.j.u.BeanShellTestElement: ðŸ“Š USER DASHBOARD NAVIGATION - Thread 9
2025-11-07 17:03:55,747 INFO o.a.j.u.BeanShellTestElement:    Action: User navigated to /dashboard page
2025-11-07 17:03:55,747 INFO o.a.j.u.BeanShellTestElement:    Page: Dashboard loaded (frontend React route)
2025-11-07 17:03:55,748 INFO o.a.j.u.BeanShellTestElement: ðŸ‘¤ USER PROFILE CLICK - Thread 9
2025-11-07 17:03:55,748 INFO o.a.j.u.BeanShellTestElement:    Action: User clicked 'Profile' menu on dashboard
2025-11-07 17:03:55,748 INFO o.a.j.u.BeanShellTestElement:    Navigation: Dashboard â†’ /dashboard/user/profile
2025-11-07 17:03:55,748 INFO o.a.j.u.BeanShellTestElement:    Target: Profile management page
2025-11-07 17:03:55,748 INFO o.a.j.u.BeanShellTestElement: ðŸ“‹ PROFILE INFO FROM LOGIN - Thread 9 (NORMAL_USER)
2025-11-07 17:03:55,748 INFO o.a.j.u.BeanShellTestElement:    Name: LoadTestUser1
2025-11-07 17:03:55,748 INFO o.a.j.u.BeanShellTestElement:    Email: loadtest1@test.com
2025-11-07 17:03:55,748 INFO o.a.j.u.BeanShellTestElement:    Current Phone: +65 8765 4321
2025-11-07 17:03:55,748 INFO o.a.j.u.BeanShellTestElement:    Current Address: 789 Clementi Avenue, Singapore 129834
2025-11-07 17:03:55,749 INFO o.a.j.u.BeanShellTestElement: ðŸ“ PROFILE UPDATE PREPARATION - Thread 9 (NORMAL_USER)
2025-11-07 17:03:55,749 INFO o.a.j.u.BeanShellTestElement:    Update Type: Phone Number
2025-11-07 17:03:55,749 INFO o.a.j.u.BeanShellTestElement:    Current Phone: +65 8765 4321
2025-11-07 17:03:55,749 INFO o.a.j.u.BeanShellTestElement:    New Phone: +65 8234 5678
2025-11-07 17:03:55,749 INFO o.a.j.u.BeanShellTestElement:    Current Address: 789 Clementi Avenue, Singapore 129834
2025-11-07 17:03:55,749 INFO o.a.j.u.BeanShellTestElement:    New Address: 789 Clementi Avenue, Singapore 129834
2025-11-07 17:03:55,762 INFO o.a.j.u.BeanShellTestElement: âœ… PROFILE UPDATE COMPLETED - Thread 9 (NORMAL_USER)
2025-11-07 17:03:55,762 INFO o.a.j.u.BeanShellTestElement:    Access Path: dashboard_profile
2025-11-07 17:03:55,762 INFO o.a.j.u.BeanShellTestElement:    Updated Field: Phone Number
2025-11-07 17:03:55,762 INFO o.a.j.u.BeanShellTestElement:    New Phone: +65 8234 5678
2025-11-07 17:03:55,762 INFO o.a.j.u.BeanShellTestElement:    Status: Profile update API call completed successfully
2025-11-07 17:03:55,763 INFO o.a.j.u.BeanShellTestElement: === PROFILE LOAD TEST COMPLETE ===
2025-11-07 17:03:55,763 INFO o.a.j.u.BeanShellTestElement: Thread 9 (NORMAL_USER) finished successfully
2025-11-07 17:03:55,763 INFO o.a.j.u.BeanShellTestElement: Access Path: dashboard_profile | Update: Phone Number | Verified: true
2025-11-07 17:03:55,764 INFO o.a.j.t.JMeterThread: Thread is done: Mixed Admin and User Profile Management 1-9
2025-11-07 17:03:55,764 INFO o.a.j.t.JMeterThread: Thread finished: Mixed Admin and User Profile Management 1-9
2025-11-07 17:03:56,345 INFO o.a.j.t.JMeterThread: Thread started: Mixed Admin and User Profile Management 1-10
2025-11-07 17:03:56,347 INFO o.a.j.u.BeanShellTestElement: Thread 10 assigned NORMAL USER role: loadtest1@test.com
2025-11-07 17:03:56,347 INFO o.a.j.u.BeanShellTestElement:    Profile Access: Dashboard > Profile
2025-11-07 17:03:56,431 INFO o.a.j.u.BeanShellTestElement: ðŸ“Š USER DASHBOARD NAVIGATION - Thread 10
2025-11-07 17:03:56,431 INFO o.a.j.u.BeanShellTestElement:    Action: User navigated to /dashboard page
2025-11-07 17:03:56,431 INFO o.a.j.u.BeanShellTestElement:    Page: Dashboard loaded (frontend React route)
2025-11-07 17:03:56,432 INFO o.a.j.u.BeanShellTestElement: ðŸ‘¤ USER PROFILE CLICK - Thread 10
2025-11-07 17:03:56,432 INFO o.a.j.u.BeanShellTestElement:    Action: User clicked 'Profile' menu on dashboard
2025-11-07 17:03:56,432 INFO o.a.j.u.BeanShellTestElement:    Navigation: Dashboard â†’ /dashboard/user/profile
2025-11-07 17:03:56,432 INFO o.a.j.u.BeanShellTestElement:    Target: Profile management page
2025-11-07 17:03:56,432 INFO o.a.j.u.BeanShellTestElement: ðŸ“‹ PROFILE INFO FROM LOGIN - Thread 10 (NORMAL_USER)
2025-11-07 17:03:56,432 INFO o.a.j.u.BeanShellTestElement:    Name: LoadTestUser1
2025-11-07 17:03:56,432 INFO o.a.j.u.BeanShellTestElement:    Email: loadtest1@test.com
2025-11-07 17:03:56,432 INFO o.a.j.u.BeanShellTestElement:    Current Phone: +65 8234 5678
2025-11-07 17:03:56,432 INFO o.a.j.u.BeanShellTestElement:    Current Address: 789 Clementi Avenue, Singapore 129834
2025-11-07 17:03:56,433 INFO o.a.j.u.BeanShellTestElement: ðŸ“ PROFILE UPDATE PREPARATION - Thread 10 (NORMAL_USER)
2025-11-07 17:03:56,433 INFO o.a.j.u.BeanShellTestElement:    Update Type: Home Address
2025-11-07 17:03:56,433 INFO o.a.j.u.BeanShellTestElement:    Current Phone: +65 8234 5678
2025-11-07 17:03:56,433 INFO o.a.j.u.BeanShellTestElement:    New Phone: +65 8234 5678
2025-11-07 17:03:56,433 INFO o.a.j.u.BeanShellTestElement:    Current Address: 789 Clementi Avenue, Singapore 129834
2025-11-07 17:03:56,433 INFO o.a.j.u.BeanShellTestElement:    New Address: 654 Tampines Central, Singapore 529509
2025-11-07 17:03:56,458 INFO o.a.j.u.BeanShellTestElement: âœ… PROFILE UPDATE COMPLETED - Thread 10 (NORMAL_USER)
2025-11-07 17:03:56,458 INFO o.a.j.u.BeanShellTestElement:    Access Path: dashboard_profile
2025-11-07 17:03:56,458 INFO o.a.j.u.BeanShellTestElement:    Updated Field: Home Address
2025-11-07 17:03:56,458 INFO o.a.j.u.BeanShellTestElement:    New Address: 654 Tampines Central, Singapore 529509
2025-11-07 17:03:56,458 INFO o.a.j.u.BeanShellTestElement:    Status: Profile update API call completed successfully
2025-11-07 17:03:56,459 INFO o.a.j.u.BeanShellTestElement: === PROFILE LOAD TEST COMPLETE ===
2025-11-07 17:03:56,459 INFO o.a.j.u.BeanShellTestElement: Thread 10 (NORMAL_USER) finished successfully
2025-11-07 17:03:56,459 INFO o.a.j.u.BeanShellTestElement: Access Path: dashboard_profile | Update: Home Address | Verified: true
2025-11-07 17:03:56,459 INFO o.a.j.t.JMeterThread: Thread is done: Mixed Admin and User Profile Management 1-10
2025-11-07 17:03:56,459 INFO o.a.j.t.JMeterThread: Thread finished: Mixed Admin and User Profile Management 1-10
2025-11-07 17:03:57,012 INFO o.a.j.t.JMeterThread: Thread started: Mixed Admin and User Profile Management 1-11
2025-11-07 17:03:57,013 INFO o.a.j.u.BeanShellTestElement: Thread 11 assigned NORMAL USER role: loadtest1@test.com
2025-11-07 17:03:57,013 INFO o.a.j.u.BeanShellTestElement:    Profile Access: Dashboard > Profile
2025-11-07 17:03:57,108 INFO o.a.j.u.BeanShellTestElement: ðŸ“Š USER DASHBOARD NAVIGATION - Thread 11
2025-11-07 17:03:57,108 INFO o.a.j.u.BeanShellTestElement:    Action: User navigated to /dashboard page
2025-11-07 17:03:57,108 INFO o.a.j.u.BeanShellTestElement:    Page: Dashboard loaded (frontend React route)
2025-11-07 17:03:57,110 INFO o.a.j.u.BeanShellTestElement: ðŸ‘¤ USER PROFILE CLICK - Thread 11
2025-11-07 17:03:57,110 INFO o.a.j.u.BeanShellTestElement:    Action: User clicked 'Profile' menu on dashboard
2025-11-07 17:03:57,110 INFO o.a.j.u.BeanShellTestElement:    Navigation: Dashboard â†’ /dashboard/user/profile
2025-11-07 17:03:57,110 INFO o.a.j.u.BeanShellTestElement:    Target: Profile management page
2025-11-07 17:03:57,111 INFO o.a.j.u.BeanShellTestElement: ðŸ“‹ PROFILE INFO FROM LOGIN - Thread 11 (NORMAL_USER)
2025-11-07 17:03:57,111 INFO o.a.j.u.BeanShellTestElement:    Name: LoadTestUser1
2025-11-07 17:03:57,111 INFO o.a.j.u.BeanShellTestElement:    Email: loadtest1@test.com
2025-11-07 17:03:57,111 INFO o.a.j.u.BeanShellTestElement:    Current Phone: +65 8234 5678
2025-11-07 17:03:57,111 INFO o.a.j.u.BeanShellTestElement:    Current Address: 654 Tampines Central, Singapore 529509
2025-11-07 17:03:57,112 INFO o.a.j.u.BeanShellTestElement: ðŸ“ PROFILE UPDATE PREPARATION - Thread 11 (NORMAL_USER)
2025-11-07 17:03:57,112 INFO o.a.j.u.BeanShellTestElement:    Update Type: Phone Number
2025-11-07 17:03:57,112 INFO o.a.j.u.BeanShellTestElement:    Current Phone: +65 8234 5678
2025-11-07 17:03:57,112 INFO o.a.j.u.BeanShellTestElement:    New Phone: +65 8456 7890
2025-11-07 17:03:57,112 INFO o.a.j.u.BeanShellTestElement:    Current Address: 654 Tampines Central, Singapore 529509
2025-11-07 17:03:57,112 INFO o.a.j.u.BeanShellTestElement:    New Address: 654 Tampines Central, Singapore 529509
2025-11-07 17:03:57,125 INFO o.a.j.u.BeanShellTestElement: âœ… PROFILE UPDATE COMPLETED - Thread 11 (NORMAL_USER)
2025-11-07 17:03:57,125 INFO o.a.j.u.BeanShellTestElement:    Access Path: dashboard_profile
2025-11-07 17:03:57,125 INFO o.a.j.u.BeanShellTestElement:    Updated Field: Phone Number
2025-11-07 17:03:57,125 INFO o.a.j.u.BeanShellTestElement:    New Phone: +65 8456 7890
2025-11-07 17:03:57,125 INFO o.a.j.u.BeanShellTestElement:    Status: Profile update API call completed successfully
2025-11-07 17:03:57,126 INFO o.a.j.u.BeanShellTestElement: === PROFILE LOAD TEST COMPLETE ===
2025-11-07 17:03:57,126 INFO o.a.j.u.BeanShellTestElement: Thread 11 (NORMAL_USER) finished successfully
2025-11-07 17:03:57,126 INFO o.a.j.u.BeanShellTestElement: Access Path: dashboard_profile | Update: Phone Number | Verified: true
2025-11-07 17:03:57,126 INFO o.a.j.t.JMeterThread: Thread is done: Mixed Admin and User Profile Management 1-11
2025-11-07 17:03:57,126 INFO o.a.j.t.JMeterThread: Thread finished: Mixed Admin and User Profile Management 1-11
2025-11-07 17:03:57,675 INFO o.a.j.t.JMeterThread: Thread started: Mixed Admin and User Profile Management 1-12
2025-11-07 17:03:57,678 INFO o.a.j.u.BeanShellTestElement: Thread 12 assigned NORMAL USER role: loadtest1@test.com
2025-11-07 17:03:57,678 INFO o.a.j.u.BeanShellTestElement:    Profile Access: Dashboard > Profile
2025-11-07 17:03:57,766 INFO o.a.j.u.BeanShellTestElement: ðŸ“Š USER DASHBOARD NAVIGATION - Thread 12
2025-11-07 17:03:57,766 INFO o.a.j.u.BeanShellTestElement:    Action: User navigated to /dashboard page
2025-11-07 17:03:57,766 INFO o.a.j.u.BeanShellTestElement:    Page: Dashboard loaded (frontend React route)
2025-11-07 17:03:57,766 INFO o.a.j.u.BeanShellTestElement: ðŸ‘¤ USER PROFILE CLICK - Thread 12
2025-11-07 17:03:57,766 INFO o.a.j.u.BeanShellTestElement:    Action: User clicked 'Profile' menu on dashboard
2025-11-07 17:03:57,766 INFO o.a.j.u.BeanShellTestElement:    Navigation: Dashboard â†’ /dashboard/user/profile
2025-11-07 17:03:57,766 INFO o.a.j.u.BeanShellTestElement:    Target: Profile management page
2025-11-07 17:03:57,767 INFO o.a.j.u.BeanShellTestElement: ðŸ“‹ PROFILE INFO FROM LOGIN - Thread 12 (NORMAL_USER)
2025-11-07 17:03:57,767 INFO o.a.j.u.BeanShellTestElement:    Name: LoadTestUser1
2025-11-07 17:03:57,767 INFO o.a.j.u.BeanShellTestElement:    Email: loadtest1@test.com
2025-11-07 17:03:57,767 INFO o.a.j.u.BeanShellTestElement:    Current Phone: +65 8456 7890
2025-11-07 17:03:57,767 INFO o.a.j.u.BeanShellTestElement:    Current Address: 654 Tampines Central, Singapore 529509
2025-11-07 17:03:57,767 INFO o.a.j.u.BeanShellTestElement: ðŸ“ PROFILE UPDATE PREPARATION - Thread 12 (NORMAL_USER)
2025-11-07 17:03:57,767 INFO o.a.j.u.BeanShellTestElement:    Update Type: Home Address
2025-11-07 17:03:57,767 INFO o.a.j.u.BeanShellTestElement:    Current Phone: +65 8456 7890
2025-11-07 17:03:57,767 INFO o.a.j.u.BeanShellTestElement:    New Phone: +65 8456 7890
2025-11-07 17:03:57,767 INFO o.a.j.u.BeanShellTestElement:    Current Address: 654 Tampines Central, Singapore 529509
2025-11-07 17:03:57,767 INFO o.a.j.u.BeanShellTestElement:    New Address: 123 Orchard Road, Singapore 238873
2025-11-07 17:03:57,780 INFO o.a.j.u.BeanShellTestElement: âœ… PROFILE UPDATE COMPLETED - Thread 12 (NORMAL_USER)
2025-11-07 17:03:57,780 INFO o.a.j.u.BeanShellTestElement:    Access Path: dashboard_profile
2025-11-07 17:03:57,780 INFO o.a.j.u.BeanShellTestElement:    Updated Field: Home Address
2025-11-07 17:03:57,780 INFO o.a.j.u.BeanShellTestElement:    New Address: 123 Orchard Road, Singapore 238873
2025-11-07 17:03:57,780 INFO o.a.j.u.BeanShellTestElement:    Status: Profile update API call completed successfully
2025-11-07 17:03:57,781 INFO o.a.j.u.BeanShellTestElement: === PROFILE LOAD TEST COMPLETE ===
2025-11-07 17:03:57,781 INFO o.a.j.u.BeanShellTestElement: Thread 12 (NORMAL_USER) finished successfully
2025-11-07 17:03:57,781 INFO o.a.j.u.BeanShellTestElement: Access Path: dashboard_profile | Update: Home Address | Verified: true
2025-11-07 17:03:57,781 INFO o.a.j.t.JMeterThread: Thread is done: Mixed Admin and User Profile Management 1-12
2025-11-07 17:03:57,781 INFO o.a.j.t.JMeterThread: Thread finished: Mixed Admin and User Profile Management 1-12
2025-11-07 17:03:58,343 INFO o.a.j.t.JMeterThread: Thread started: Mixed Admin and User Profile Management 1-13
2025-11-07 17:03:58,345 INFO o.a.j.u.BeanShellTestElement: Thread 13 assigned NORMAL USER role: loadtest1@test.com
2025-11-07 17:03:58,345 INFO o.a.j.u.BeanShellTestElement:    Profile Access: Dashboard > Profile
2025-11-07 17:03:58,430 INFO o.a.j.u.BeanShellTestElement: ðŸ“Š USER DASHBOARD NAVIGATION - Thread 13
2025-11-07 17:03:58,430 INFO o.a.j.u.BeanShellTestElement:    Action: User navigated to /dashboard page
2025-11-07 17:03:58,430 INFO o.a.j.u.BeanShellTestElement:    Page: Dashboard loaded (frontend React route)
2025-11-07 17:03:58,430 INFO o.a.j.u.BeanShellTestElement: ðŸ‘¤ USER PROFILE CLICK - Thread 13
2025-11-07 17:03:58,430 INFO o.a.j.u.BeanShellTestElement:    Action: User clicked 'Profile' menu on dashboard
2025-11-07 17:03:58,430 INFO o.a.j.u.BeanShellTestElement:    Navigation: Dashboard â†’ /dashboard/user/profile
2025-11-07 17:03:58,430 INFO o.a.j.u.BeanShellTestElement:    Target: Profile management page
2025-11-07 17:03:58,430 INFO o.a.j.u.BeanShellTestElement: ðŸ“‹ PROFILE INFO FROM LOGIN - Thread 13 (NORMAL_USER)
2025-11-07 17:03:58,430 INFO o.a.j.u.BeanShellTestElement:    Name: LoadTestUser1
2025-11-07 17:03:58,430 INFO o.a.j.u.BeanShellTestElement:    Email: loadtest1@test.com
2025-11-07 17:03:58,430 INFO o.a.j.u.BeanShellTestElement:    Current Phone: +65 8456 7890
2025-11-07 17:03:58,430 INFO o.a.j.u.BeanShellTestElement:    Current Address: 123 Orchard Road, Singapore 238873
2025-11-07 17:03:58,431 INFO o.a.j.u.BeanShellTestElement: ðŸ“ PROFILE UPDATE PREPARATION - Thread 13 (NORMAL_USER)
2025-11-07 17:03:58,431 INFO o.a.j.u.BeanShellTestElement:    Update Type: Phone Number
2025-11-07 17:03:58,431 INFO o.a.j.u.BeanShellTestElement:    Current Phone: +65 8456 7890
2025-11-07 17:03:58,431 INFO o.a.j.u.BeanShellTestElement:    New Phone: +65 8765 4321
2025-11-07 17:03:58,431 INFO o.a.j.u.BeanShellTestElement:    Current Address: 123 Orchard Road, Singapore 238873
2025-11-07 17:03:58,431 INFO o.a.j.u.BeanShellTestElement:    New Address: 123 Orchard Road, Singapore 238873
2025-11-07 17:03:58,444 INFO o.a.j.u.BeanShellTestElement: âœ… PROFILE UPDATE COMPLETED - Thread 13 (NORMAL_USER)
2025-11-07 17:03:58,444 INFO o.a.j.u.BeanShellTestElement:    Access Path: dashboard_profile
2025-11-07 17:03:58,444 INFO o.a.j.u.BeanShellTestElement:    Updated Field: Phone Number
2025-11-07 17:03:58,444 INFO o.a.j.u.BeanShellTestElement:    New Phone: +65 8765 4321
2025-11-07 17:03:58,444 INFO o.a.j.u.BeanShellTestElement:    Status: Profile update API call completed successfully
2025-11-07 17:03:58,445 INFO o.a.j.u.BeanShellTestElement: === PROFILE LOAD TEST COMPLETE ===
2025-11-07 17:03:58,445 INFO o.a.j.u.BeanShellTestElement: Thread 13 (NORMAL_USER) finished successfully
2025-11-07 17:03:58,445 INFO o.a.j.u.BeanShellTestElement: Access Path: dashboard_profile | Update: Phone Number | Verified: true
2025-11-07 17:03:58,445 INFO o.a.j.t.JMeterThread: Thread is done: Mixed Admin and User Profile Management 1-13
2025-11-07 17:03:58,445 INFO o.a.j.t.JMeterThread: Thread finished: Mixed Admin and User Profile Management 1-13
2025-11-07 17:03:59,036 INFO o.a.j.t.JMeterThread: Thread started: Mixed Admin and User Profile Management 1-14
2025-11-07 17:03:59,041 INFO o.a.j.u.BeanShellTestElement: Thread 14 assigned NORMAL USER role: loadtest1@test.com
2025-11-07 17:03:59,041 INFO o.a.j.u.BeanShellTestElement:    Profile Access: Dashboard > Profile
2025-11-07 17:03:59,139 INFO o.a.j.u.BeanShellTestElement: ðŸ“Š USER DASHBOARD NAVIGATION - Thread 14
2025-11-07 17:03:59,139 INFO o.a.j.u.BeanShellTestElement:    Action: User navigated to /dashboard page
2025-11-07 17:03:59,139 INFO o.a.j.u.BeanShellTestElement:    Page: Dashboard loaded (frontend React route)
2025-11-07 17:03:59,140 INFO o.a.j.u.BeanShellTestElement: ðŸ‘¤ USER PROFILE CLICK - Thread 14
2025-11-07 17:03:59,140 INFO o.a.j.u.BeanShellTestElement:    Action: User clicked 'Profile' menu on dashboard
2025-11-07 17:03:59,140 INFO o.a.j.u.BeanShellTestElement:    Navigation: Dashboard â†’ /dashboard/user/profile
2025-11-07 17:03:59,140 INFO o.a.j.u.BeanShellTestElement:    Target: Profile management page
2025-11-07 17:03:59,140 INFO o.a.j.u.BeanShellTestElement: ðŸ“‹ PROFILE INFO FROM LOGIN - Thread 14 (NORMAL_USER)
2025-11-07 17:03:59,140 INFO o.a.j.u.BeanShellTestElement:    Name: LoadTestUser1
2025-11-07 17:03:59,140 INFO o.a.j.u.BeanShellTestElement:    Email: loadtest1@test.com
2025-11-07 17:03:59,140 INFO o.a.j.u.BeanShellTestElement:    Current Phone: +65 8765 4321
2025-11-07 17:03:59,140 INFO o.a.j.u.BeanShellTestElement:    Current Address: 123 Orchard Road, Singapore 238873
2025-11-07 17:03:59,141 INFO o.a.j.u.BeanShellTestElement: ðŸ“ PROFILE UPDATE PREPARATION - Thread 14 (NORMAL_USER)
2025-11-07 17:03:59,141 INFO o.a.j.u.BeanShellTestElement:    Update Type: Home Address
2025-11-07 17:03:59,141 INFO o.a.j.u.BeanShellTestElement:    Current Phone: +65 8765 4321
2025-11-07 17:03:59,141 INFO o.a.j.u.BeanShellTestElement:    New Phone: +65 8765 4321
2025-11-07 17:03:59,141 INFO o.a.j.u.BeanShellTestElement:    Current Address: 123 Orchard Road, Singapore 238873
2025-11-07 17:03:59,141 INFO o.a.j.u.BeanShellTestElement:    New Address: 789 Clementi Avenue, Singapore 129834
2025-11-07 17:03:59,154 INFO o.a.j.u.BeanShellTestElement: âœ… PROFILE UPDATE COMPLETED - Thread 14 (NORMAL_USER)
2025-11-07 17:03:59,154 INFO o.a.j.u.BeanShellTestElement:    Access Path: dashboard_profile
2025-11-07 17:03:59,154 INFO o.a.j.u.BeanShellTestElement:    Updated Field: Home Address
2025-11-07 17:03:59,154 INFO o.a.j.u.BeanShellTestElement:    New Address: 789 Clementi Avenue, Singapore 129834
2025-11-07 17:03:59,155 INFO o.a.j.u.BeanShellTestElement:    Status: Profile update API call completed successfully
2025-11-07 17:03:59,155 INFO o.a.j.u.BeanShellTestElement: === PROFILE LOAD TEST COMPLETE ===
2025-11-07 17:03:59,155 INFO o.a.j.u.BeanShellTestElement: Thread 14 (NORMAL_USER) finished successfully
2025-11-07 17:03:59,155 INFO o.a.j.u.BeanShellTestElement: Access Path: dashboard_profile | Update: Home Address | Verified: true
2025-11-07 17:03:59,155 INFO o.a.j.t.JMeterThread: Thread is done: Mixed Admin and User Profile Management 1-14
2025-11-07 17:03:59,155 INFO o.a.j.t.JMeterThread: Thread finished: Mixed Admin and User Profile Management 1-14
2025-11-07 17:03:59,691 INFO o.a.j.t.JMeterThread: Thread started: Mixed Admin and User Profile Management 1-15
2025-11-07 17:03:59,692 INFO o.a.j.u.BeanShellTestElement: Thread 15 assigned NORMAL USER role: loadtest1@test.com
2025-11-07 17:03:59,692 INFO o.a.j.u.BeanShellTestElement:    Profile Access: Dashboard > Profile
2025-11-07 17:03:59,766 INFO o.a.j.u.BeanShellTestElement: ðŸ“Š USER DASHBOARD NAVIGATION - Thread 15
2025-11-07 17:03:59,766 INFO o.a.j.u.BeanShellTestElement:    Action: User navigated to /dashboard page
2025-11-07 17:03:59,766 INFO o.a.j.u.BeanShellTestElement:    Page: Dashboard loaded (frontend React route)
2025-11-07 17:03:59,766 INFO o.a.j.u.BeanShellTestElement: ðŸ‘¤ USER PROFILE CLICK - Thread 15
2025-11-07 17:03:59,766 INFO o.a.j.u.BeanShellTestElement:    Action: User clicked 'Profile' menu on dashboard
2025-11-07 17:03:59,766 INFO o.a.j.u.BeanShellTestElement:    Navigation: Dashboard â†’ /dashboard/user/profile
2025-11-07 17:03:59,766 INFO o.a.j.u.BeanShellTestElement:    Target: Profile management page
2025-11-07 17:03:59,766 INFO o.a.j.u.BeanShellTestElement: ðŸ“‹ PROFILE INFO FROM LOGIN - Thread 15 (NORMAL_USER)
2025-11-07 17:03:59,766 INFO o.a.j.u.BeanShellTestElement:    Name: LoadTestUser1
2025-11-07 17:03:59,766 INFO o.a.j.u.BeanShellTestElement:    Email: loadtest1@test.com
2025-11-07 17:03:59,766 INFO o.a.j.u.BeanShellTestElement:    Current Phone: +65 8765 4321
2025-11-07 17:03:59,766 INFO o.a.j.u.BeanShellTestElement:    Current Address: 789 Clementi Avenue, Singapore 129834
2025-11-07 17:03:59,767 INFO o.a.j.u.BeanShellTestElement: ðŸ“ PROFILE UPDATE PREPARATION - Thread 15 (NORMAL_USER)
2025-11-07 17:03:59,767 INFO o.a.j.u.BeanShellTestElement:    Update Type: Phone Number
2025-11-07 17:03:59,767 INFO o.a.j.u.BeanShellTestElement:    Current Phone: +65 8765 4321
2025-11-07 17:03:59,767 INFO o.a.j.u.BeanShellTestElement:    New Phone: +65 8234 5678
2025-11-07 17:03:59,767 INFO o.a.j.u.BeanShellTestElement:    Current Address: 789 Clementi Avenue, Singapore 129834
2025-11-07 17:03:59,767 INFO o.a.j.u.BeanShellTestElement:    New Address: 789 Clementi Avenue, Singapore 129834
2025-11-07 17:03:59,779 INFO o.a.j.u.BeanShellTestElement: âœ… PROFILE UPDATE COMPLETED - Thread 15 (NORMAL_USER)
2025-11-07 17:03:59,779 INFO o.a.j.u.BeanShellTestElement:    Access Path: dashboard_profile
2025-11-07 17:03:59,779 INFO o.a.j.u.BeanShellTestElement:    Updated Field: Phone Number
2025-11-07 17:03:59,779 INFO o.a.j.u.BeanShellTestElement:    New Phone: +65 8234 5678
2025-11-07 17:03:59,779 INFO o.a.j.u.BeanShellTestElement:    Status: Profile update API call completed successfully
2025-11-07 17:03:59,780 INFO o.a.j.u.BeanShellTestElement: === PROFILE LOAD TEST COMPLETE ===
2025-11-07 17:03:59,780 INFO o.a.j.u.BeanShellTestElement: Thread 15 (NORMAL_USER) finished successfully
2025-11-07 17:03:59,780 INFO o.a.j.u.BeanShellTestElement: Access Path: dashboard_profile | Update: Phone Number | Verified: true
2025-11-07 17:03:59,780 INFO o.a.j.t.JMeterThread: Thread is done: Mixed Admin and User Profile Management 1-15
2025-11-07 17:03:59,780 INFO o.a.j.t.JMeterThread: Thread finished: Mixed Admin and User Profile Management 1-15
2025-11-07 17:03:59,780 INFO o.a.j.e.StandardJMeterEngine: Notifying test listeners of end of test
2025-11-07 17:03:59,782 INFO o.a.j.r.Summariser: summary =    135 in 00:00:09 =   14.3/s Avg:    11 Min:     0 Max:   116 Err:     0 (0.00%)
2025-11-07 17:03:59,782 INFO o.a.j.JMeter: Generating Dashboard
2025-11-07 17:03:59,782 INFO o.a.j.r.d.ReportGenerator: Flushing result collector before report Generation
2025-11-07 17:03:59,786 INFO o.a.j.r.p.NormalizerSampleConsumer: Using format, 'ms', to parse timeStamp field
2025-11-07 17:03:59,820 INFO o.a.j.r.p.AbstractSampleConsumer: class org.apache.jmeter.report.processor.AggregateConsumer#stopProducing(): beginDate produced 0 samples
2025-11-07 17:03:59,821 INFO o.a.j.r.p.AbstractSampleConsumer: class org.apache.jmeter.report.processor.AggregateConsumer#stopProducing(): endDate produced 0 samples
2025-11-07 17:03:59,822 INFO o.a.j.r.p.AbstractSampleConsumer: class org.apache.jmeter.report.processor.ApdexSummaryConsumer#stopProducing(): apdexSummary produced 0 samples
2025-11-07 17:03:59,822 INFO o.a.j.r.p.AbstractSampleConsumer: class org.apache.jmeter.report.processor.RequestsSummaryConsumer#stopProducing(): requestsSummary produced 0 samples
2025-11-07 17:03:59,824 INFO o.a.j.r.p.AbstractSampleConsumer: class org.apache.jmeter.report.processor.StatisticsSummaryConsumer#stopProducing(): statisticsSummary produced 0 samples
2025-11-07 17:03:59,825 INFO o.a.j.r.p.AbstractSampleConsumer: class org.apache.jmeter.report.processor.Top5ErrorsBySamplerConsumer#stopProducing(): top5ErrorsBySampler produced 0 samples
2025-11-07 17:03:59,825 INFO o.a.j.r.p.AbstractSampleConsumer: class org.apache.jmeter.report.processor.ErrorsSummaryConsumer#stopProducing(): errorsSummary produced 0 samples
2025-11-07 17:03:59,825 INFO o.a.j.r.p.AbstractSampleConsumer: class org.apache.jmeter.report.processor.graph.impl.HitsPerSecondGraphConsumer#stopProducing(): hitsPerSecond produced 0 samples
2025-11-07 17:03:59,832 INFO o.a.j.r.p.AbstractSampleConsumer: class org.apache.jmeter.report.processor.graph.impl.LatencyVSRequestGraphConsumer#stopProducing(): latencyVsRequest produced 0 samples
2025-11-07 17:03:59,833 INFO o.a.j.r.p.AbstractSampleConsumer: class org.apache.jmeter.report.processor.graph.impl.SyntheticResponseTimeDistributionGraphConsumer#stopProducing(): syntheticResponseTimeDistribution produced 0 samples
2025-11-07 17:03:59,833 INFO o.a.j.r.p.AbstractSampleConsumer: class org.apache.jmeter.report.processor.graph.impl.BytesThroughputGraphConsumer#stopProducing(): bytesThroughputOverTime produced 0 samples
2025-11-07 17:03:59,833 INFO o.a.j.r.p.AbstractSampleConsumer: class org.apache.jmeter.report.processor.graph.impl.CodesPerSecondGraphConsumer#stopProducing(): codesPerSecond produced 0 samples
2025-11-07 17:03:59,834 INFO o.a.j.r.p.AbstractSampleConsumer: class org.apache.jmeter.report.processor.graph.impl.ResponseTimeVSRequestGraphConsumer#stopProducing(): responseTimeVsRequest produced 0 samples
2025-11-07 17:03:59,834 INFO o.a.j.r.p.AbstractSampleConsumer: class org.apache.jmeter.report.processor.FilterConsumer#stopProducing(): startIntervalControlerFilter produced 945 samples
2025-11-07 17:03:59,834 INFO o.a.j.r.p.AbstractSampleConsumer: class org.apache.jmeter.report.processor.graph.impl.TotalTPSGraphConsumer#stopProducing(): totalTPS produced 0 samples
2025-11-07 17:03:59,835 INFO o.a.j.r.p.AbstractSampleConsumer: class org.apache.jmeter.report.processor.graph.impl.ActiveThreadsGraphConsumer#stopProducing(): activeThreadsOverTime produced 0 samples
2025-11-07 17:03:59,835 INFO o.a.j.r.p.AbstractSampleConsumer: class org.apache.jmeter.report.processor.graph.impl.TimeVSThreadGraphConsumer#stopProducing(): timeVsThreads produced 0 samples
2025-11-07 17:03:59,835 INFO o.a.j.r.p.AbstractSampleConsumer: class org.apache.jmeter.report.processor.graph.impl.ResponseTimeDistributionGraphConsumer#stopProducing(): responseTimeDistribution produced 0 samples
2025-11-07 17:03:59,835 INFO o.a.j.r.p.AbstractSampleConsumer: class org.apache.jmeter.report.processor.graph.impl.TransactionsPerSecondGraphConsumer#stopProducing(): transactionsPerSecond produced 0 samples
2025-11-07 17:03:59,835 INFO o.a.j.r.p.AbstractSampleConsumer: class org.apache.jmeter.report.processor.graph.impl.ResponseTimePercentilesGraphConsumer#stopProducing(): responseTimePercentiles produced 0 samples
2025-11-07 17:03:59,837 INFO o.a.j.r.p.AbstractSampleConsumer: class org.apache.jmeter.report.processor.graph.impl.ResponseTimePercentilesOverTimeGraphConsumer#stopProducing(): responseTimePercentilesOverTime produced 0 samples
2025-11-07 17:03:59,837 INFO o.a.j.r.p.AbstractSampleConsumer: class org.apache.jmeter.report.processor.graph.impl.ResponseTimeOverTimeGraphConsumer#stopProducing(): responseTimesOverTime produced 0 samples
2025-11-07 17:03:59,837 INFO o.a.j.r.p.AbstractSampleConsumer: class org.apache.jmeter.report.processor.graph.impl.ConnectTimeOverTimeGraphConsumer#stopProducing(): connectTimeOverTime produced 0 samples
2025-11-07 17:03:59,837 INFO o.a.j.r.p.AbstractSampleConsumer: class org.apache.jmeter.report.processor.graph.impl.LatencyOverTimeGraphConsumer#stopProducing(): latenciesOverTime produced 0 samples
2025-11-07 17:03:59,837 INFO o.a.j.r.p.AbstractSampleConsumer: class org.apache.jmeter.report.processor.FilterConsumer#stopProducing(): nameFilter produced 2025 samples
2025-11-07 17:03:59,837 INFO o.a.j.r.p.AbstractSampleConsumer: class org.apache.jmeter.report.processor.FilterConsumer#stopProducing(): dateRangeFilter produced 405 samples
2025-11-07 17:03:59,837 INFO o.a.j.r.p.AbstractSampleConsumer: class org.apache.jmeter.report.processor.NormalizerSampleConsumer#stopProducing(): normalizer produced 135 samples
2025-11-07 17:03:59,837 INFO o.a.j.r.p.CsvFileSampleSource: produce(): 135 samples produced in 41ms on channel 0
2025-11-07 17:03:59,837 INFO o.a.j.r.d.ReportGenerator: Exporting data using exporter:'json' of className:'org.apache.jmeter.report.dashboard.JsonExporter'
2025-11-07 17:03:59,877 INFO o.a.j.r.d.JsonExporter: Found data for consumer statisticsSummaryÂ in context
2025-11-07 17:03:59,877 INFO o.a.j.r.d.JsonExporter: Creating statistics for overall
2025-11-07 17:03:59,877 INFO o.a.j.r.d.JsonExporter: Creating statistics for other transactions
2025-11-07 17:03:59,877 INFO o.a.j.r.d.JsonExporter: Checking output folder
2025-11-07 17:03:59,878 INFO o.a.j.r.d.JsonExporter: Writing statistics JSON to /Users/nishenghan/cs4218-2510-ecom-project-team002/profilereport/statistics.json
2025-11-07 17:03:59,895 INFO o.a.j.r.d.ReportGenerator: Exporting data using exporter:'html' of className:'org.apache.jmeter.report.dashboard.HtmlTemplateExporter'
2025-11-07 17:03:59,896 INFO o.a.j.r.d.HtmlTemplateExporter: Will generate dashboard in folder: /Users/nishenghan/cs4218-2510-ecom-project-team002/profilereport
2025-11-07 17:03:59,954 INFO o.a.j.r.d.HtmlTemplateExporter: Report will be generated in: /Users/nishenghan/cs4218-2510-ecom-project-team002/profilereport, creating folder structure
2025-11-07 17:03:59,955 INFO o.a.j.r.d.TemplateVisitor: Copying folder from '/opt/homebrew/Cellar/jmeter/5.6.3/libexec/bin/report-template' to '/Users/nishenghan/cs4218-2510-ecom-project-team002/profilereport', got message: /Users/nishenghan/cs4218-2510-ecom-project-team002/profilereport, found non empty folder with following content [/Users/nishenghan/cs4218-2510-ecom-project-team002/profilereport/statistics.json], will be ignored
2025-11-07 17:04:00,096 INFO o.a.j.JMeter: Dashboard generated
